Meduza Thu Apr 14 11:00:15 MSK 2022
soundString Путин прокомментировал «спецоперацию» впервые почти за месяц
soundString logo2.png
soundString Вечерняя рассылка
soundString Подписаться
soundString 12 апреля 2022
soundString Путин о переговорах, задержание Медведчука и Минфин против дефолта
soundString Владимир Путин впервые с 18 марта прокомментировал ход «специальной операции» и российскоукраинских переговоров. Оптимизма его заявления не прибавили: «операция» будет идти «до достижения целей, поставленных в самом начале», а переговоры «зашли в тупик». А вечером в ситуации появился еще один существенный фактор — президент Украины Владимир Зеленский опубликовал фото задержанного лидера
soundString пророссийской партии ОПЗЖ, кума Путина Виктора Медведчука, обвиняемого в госизмене.
soundString Заявления Путина
soundString Владимир Путин подробно высказался о ходе «спецоперации» и переговоров после встречи с Александром Лукашенко на космодроме «Восточный» в Амурской области. Содержание его заявлений подтвердило вчерашние впечатления австрийского канцлера Карла Нехаммера, заявившего , что Путин «полностью мыслит в логике войны», но при этом «все еще верит в переговоры в Стамбуле».
soundString Главные заявления:
soundString Буча. Убитые мирные жители Бучи — «такой же фейк, как когда изображали применение химоружия правительством Асада [в Сирии]». «Я разговаривал с коллегами из западных стран часто. И когда они мне говорят “Буча”, я спрашиваю: а вы в Ракке были когданибудь? Вы видели, как этот сирийский город начисто, по самую землю, был уничтожен сверху американской авиацией? И там действительно трупы в развалинах
soundString месяцами лежали и разлагались. Дела никому не было до этого, никто даже и не заметил», — сказал Путин.
soundString Ход «операции на Украине». «Спецоперация» идет по плану и будет продолжаться до полного завершения и достижения целей, поставленных в самом начале.
soundString Переговоры. «Киев отошел от договоренностей, достигнутых на переговорах сторон в Стамбуле, и вернулся в тупиковую ситуацию». Но сразу после этого Путин добавил : «Вчера мне сказали, что украинская сторона чтото изменила в позиции по переговорам, подробностей пока не знаю». После заявления Путина его прокомментировали члены украинской делегации Давид Арахамия и Михаил Подоляк: оба написали в
soundString соцсетях, что переговоры продолжаются в онлайнрежиме. Но Арахамия добавил, что «единственное отличие — в том, что мы не принимаем во
soundString внимание дополнительные вопросы, которые не были включены в Стамбульское коммюнике». Главным таким вопросом был статус Донбасса, который с конца марта стал главным театром боевых действий.
soundString Путин лично комментирует ход «спецоперации» впервые с 18 марта, когда выступал на митинге в «Лужниках», а встречу делегаций в Турции она прошла 29 марта — впервые. Сразу после в целом успешных переговоров в Стамбуле источник The Bell, знакомый с их ходом, говорил, что при наличии политической воли на согласование конкретных договоренностей главами МИД можно выйти за несколько дней. Но уже тогда
soundString он предполагал, что обе стороны считают, что время работает на них, и надеются успеть занять часть важных для
soundString дальнейших переговоров территорий.
soundString Задержание Виктора Медведчука
soundString Вечером Владимир Зеленский, а потом и Служба безопасности Украины сообщили о новости, которая может оказать влияние на ход переговоров. Зеленский опубликовал в своих соцсетях в том числе в сториз в инстаграме — с издевательским комментарием «С днем космонавтики!» фотографию задержанного лидера главной пророссийской партии Украины «Оппозиционная платформа — за жизнь» ОПЗЖ Виктора Медведчука, в
soundString конце февраля бежавшего изпод домашнего ареста. Позже СБУ отчиталась о задержании Медведчука в ходе «многоуровневой
soundString спецоперации».
soundString Ветеран украинской политики, в 2002–2005 годах глава администрации президента Леонида Кучмы Виктор Медведчук прежде всего известен как кум Владимира Путина последний в 2004 году стал крестным отцом дочери Медведчука, главный союзник и консультант Путина на Украине.
soundString Перед парламентскими выборами 2019 года Медведчук создал и возглавил пророссийскую коалицию ОПЗЖ, в которую вошли популярные на востоке Украины пророссийские политики большинство — выходцы из «Партии регионов» Виктора Януковича. На выборах 2019 года ОПЗЖ получила 13,05% голосов 5е место.
soundString В мае 2021 года Медведчук был обвинен в государственной измене и помещен под домашний арест в Киеве. За три месяца до этого украинские власти прекратили вещание трех телеканалов, связанных с Медведчуком. 27 февраля, через три дня после начала «спецоперации», украинские власти сообщили, что Медведчук сбежал изпод домашнего ареста. В марте суд во Львовеарестовал Медведчука заочно, а деятельность
soundString ОПЗЖ с 20 марта была приостановлена на
soundString время военного положения.
soundString Путин неоднократно лично комментировал дело Медведчука. В том числе он заявлял , что на родине Медведчука преследуют «за открытую политическую позицию, направленную на стабилизацию внутриполитической ситуации в стране и выстраивание отношений с соседями, которые важны для самой Украины».
soundString Пресссекретарь Путина Дмитрий Песков счел нужным прокомментировать информацию о задержании Медведчука уже через 15 минут после появления этой новости — но сказал, что новость комментировать преждевременно, потому что опубликованная Зеленским фотография требует проверки «Такое количество фейков сейчас идет из Украины».
soundString Что еще случилось
soundString Российский Минфин снова выступил с заявлением, отрицающим грядущий дефолт по внешнему валютному долгу. Краткая предыстория: в понедельник CNN со ссылкой на пятничный релиз S&P о понижении российского рейтинга написала статью c заголовком о том, что Россия объявила дефолт. Формально так пока сказать нельзя хотя в начале мая это, скорее всего, случится , а никакой особенной новости в статье CNN не
soundString было. Но тема дефолта
soundString во многом незаслуженно  так чувствительна, что Минфин опубликовал ответ CNN: о настоящем дефолте говорить нельзя, у России есть деньги на выплаты, а виноваты во всем сами США и их санкции.
soundString Реальный эффективный курс рубля в январе–марте снизился на 21,6%, в марте — на 17,5%, следует из данных ЦБ. Показатель рассчитывается на базе курсов валют ключевых торговых партнеров России в соответствии с долями этих стран во внешнеторговом обороте. По итогам 2021 года реальный эффективный курс рубля вырос на 9%.
soundString Приложение «Сбербанк онлайн» стало недоступным для скачивания на App Store. Попавший под блокирующие санкции банк рекомендует клиентам не удалять уже установленное приложение и использовать адаптированную для мобильных устройств webверсию . В Google Play приложение банка доступно.
soundString Александр Шульгин ушел с поста гендиректора Ozon изза персональных санкций и покинул совет директоров компании. Он попал в санкционный список Евросоюза, который был опубликован на прошлой неделе. Шульгина на посту исполнительного директора сменит финансовый директор Ozon Игорь Герасимов.
soundString Олег Ицхоки, профессор экономики Калифорнийского университета в ЛосАнджелесе и один из самых известных российских экономистов на Западе, получил медаль Джона Бейтса Кларка. Это награда Американской экономической ассоциации, которую вручают ежегодно молодым до 40 лет американским экономистам. Многие из тех, кто получил медаль, в дальнейшем стали лауреатами Нобелевской премии по экономике. В марте
mp3 /Users/maratgizatullin/Dropbox/Public/video_buffer/20220414_110225_724.mp3
mp3 /Users/maratgizatullin/Dropbox/Public/video_buffer/20220414_110504_353.mp3
mp3 /Users/maratgizatullin/Dropbox/Public/video_buffer/20220414_110539_061.mp3
mp3 /Users/maratgizatullin/Dropbox/Public/video_buffer/20220414_110542_072.mp3
mp3 /Users/maratgizatullin/Dropbox/Public/video_buffer/20220414_110545_081.mp3
mp3 /Users/maratgizatullin/Dropbox/Public/video_buffer/20220414_110548_093.mp3
mp3 /Users/maratgizatullin/Dropbox/Public/video_buffer/20220414_110551_107.mp3
mp3 /Users/maratgizatullin/Dropbox/Public/video_buffer/20220414_110554_116.mp3
mp3 /Users/maratgizatullin/Dropbox/Public/video_buffer/20220414_110557_128.mp3
mp3 /Users/maratgizatullin/Dropbox/Public/video_buffer/20220414_110600_140.mp3
mp3 /Users/maratgizatullin/Dropbox/Public/video_buffer/20220414_110603_153.mp3
mp3 /Users/maratgizatullin/Dropbox/Public/video_buffer/20220414_110606_166.mp3
mp3 /Users/maratgizatullin/Dropbox/Public/video_buffer/20220414_110609_176.mp3
mp3 /Users/maratgizatullin/Dropbox/Public/video_buffer/20220414_110612_188.mp3
mp3 /Users/maratgizatullin/Dropbox/Public/video_buffer/20220414_110615_197.mp3
mp3 /Users/maratgizatullin/Dropbox/Public/video_buffer/20220414_110618_213.mp3
mp3 /Users/maratgizatullin/Dropbox/Public/video_buffer/20220414_110621_226.mp3
mp3 /Users/maratgizatullin/Dropbox/Public/video_buffer/20220414_110624_239.mp3
